Using pre-set license
Built from '2023.2/china_unity/20f1' branch; Version is '2023.2.20f1c1 (ceda3f59bbc9) revision 13556287'; Using compiler version '193431935'; Build Type 'Release'
OS: 'Windows 11  (10.0.22631) 64bit CoreCountrySpecific' Language: 'zh' Physical Memory: 15708 MB
BatchMode: 1, IsHumanControllingUs: 0, StartBugReporterOnCrash: 0, Is64bit: 1, IsPro: 1

COMMAND LINE ARGUMENTS:
G:\Unity\2023.2.20f1c1\Editor\Unity.exe
-adb2
-batchMode
-noUpm
-name
AssetImportWorker1
-projectPath
G:/GitHub_repository/BirdFly/BirdFly
-logFile
Logs/AssetImportWorker1.log
-srvPort
2072
-job-worker-count
7
-background-job-worker-count
8
-asset-garbage-collectors
1
Successfully changed project path to: G:/GitHub_repository/BirdFly/BirdFly
G:/GitHub_repository/BirdFly/BirdFly
[UnityMemory] Configuration Parameters - Can be set up in boot.config
    "memorysetup-bucket-allocator-granularity=16"
    "memorysetup-bucket-allocator-bucket-count=8"
    "memorysetup-bucket-allocator-block-size=33554432"
    "memorysetup-bucket-allocator-block-count=8"
    "memorysetup-main-allocator-block-size=16777216"
    "memorysetup-thread-allocator-block-size=16777216"
    "memorysetup-gfx-main-allocator-block-size=16777216"
    "memorysetup-gfx-thread-allocator-block-size=16777216"
    "memorysetup-cache-allocator-block-size=4194304"
    "memorysetup-typetree-allocator-block-size=2097152"
    "memorysetup-profiler-bucket-allocator-granularity=16"
    "memorysetup-profiler-bucket-allocator-bucket-count=8"
    "memorysetup-profiler-bucket-allocator-block-size=33554432"
    "memorysetup-profiler-bucket-allocator-block-count=8"
    "memorysetup-profiler-allocator-block-size=16777216"
    "memorysetup-profiler-editor-allocator-block-size=1048576"
    "memorysetup-temp-allocator-size-main=16777216"
    "memorysetup-job-temp-allocator-block-size=2097152"
    "memorysetup-job-temp-allocator-block-size-background=1048576"
    "memorysetup-job-temp-allocator-reduction-small-platforms=262144"
    "memorysetup-allocator-temp-initial-block-size-main=262144"
    "memorysetup-allocator-temp-initial-block-size-worker=262144"
    "memorysetup-temp-allocator-size-background-worker=32768"
    "memorysetup-temp-allocator-size-job-worker=262144"
    "memorysetup-temp-allocator-size-preload-manager=33554432"
    "memorysetup-temp-allocator-size-nav-mesh-worker=65536"
    "memorysetup-temp-allocator-size-audio-worker=65536"
    "memorysetup-temp-allocator-size-cloud-worker=32768"
    "memorysetup-temp-allocator-size-gi-baking-worker=262144"
    "memorysetup-temp-allocator-size-gi-baking-worker=262144"
    "memorysetup-temp-allocator-size-gi-baking-worker=262144"
    "memorysetup-temp-allocator-size-gi-baking-worker=262144"
    "memorysetup-temp-allocator-size-gfx=262144"
Player connection [42808] Host "[IP] 10.24.77.235 [Port] 0 [Flags] 2 [Guid] 4092798561 [EditorId] 4092798561 [Version] 1048832 [Id] WindowsEditor(7,wyh) [Debug] 1 [PackageName] WindowsEditor [ProjectName] Editor" joined multi-casting on [225.0.0.222:54997]...
Player connection [42808] Host "[IP] 10.24.77.235 [Port] 0 [Flags] 2 [Guid] 4092798561 [EditorId] 4092798561 [Version] 1048832 [Id] WindowsEditor(7,wyh) [Debug] 1 [PackageName] WindowsEditor [ProjectName] Editor" joined alternative multi-casting on [225.0.0.222:34997]...
JobSystem: Creating JobQueue using job-worker-count value 7
[Physics::Module] Initialized MultithreadedJobDispatcher with 7 workers.
Library Redirect Path: Library/
Refreshing native plugins compatible for Editor in 3.17 ms, found 3 plugins.
Preloading 0 native plugins for Editor in 0.00 ms.
Initialize engine version: 2023.2.20f1c1 (ceda3f59bbc9)
[Subsystems] Discovering subsystems at path G:/Unity/2023.2.20f1c1/Editor/Data/Resources/UnitySubsystems
[Subsystems] Discovering subsystems at path G:/GitHub_repository/BirdFly/BirdFly/Assets
GfxDevice: creating device client; kGfxThreadingModeNonThreaded
Direct3D:
    Version:  Direct3D 11.0 [level 11.1]
    Renderer: NVIDIA GeForce RTX 3060 Laptop GPU (ID=0x2520)
    Vendor:   NVIDIA
    VRAM:     5996 MB
    Driver:   32.0.15.6094
Initialize mono
Mono path[0] = 'G:/Unity/2023.2.20f1c1/Editor/Data/Managed'
Mono path[1] = 'G:/Unity/2023.2.20f1c1/Editor/Data/MonoBleedingEdge/lib/mono/unityjit-win32'
Mono config path = 'G:/Unity/2023.2.20f1c1/Editor/Data/MonoBleedingEdge/etc'
Using monoOptions --debugger-agent=transport=dt_socket,embedding=1,server=y,suspend=n,address=127.0.0.1:56072
Begin MonoManager ReloadAssembly
Registering precompiled unity dll's ...
Register platform support module: G:/Unity/2023.2.20f1c1/Editor/Data/PlaybackEngines/WindowsStandaloneSupport/UnityEditor.WindowsStandalone.Extensions.dll
Registered in 0.005032 seconds.
- Loaded All Assemblies, in  0.479 seconds
Native extension for WindowsStandalone target not found
Mono: successfully reloaded assembly
- Finished resetting the current domain, in  0.348 seconds
Domain Reload Profiling: 827ms
	BeginReloadAssembly (194ms)
		ExecutionOrderSort (0ms)
		DisableScriptedObjects (0ms)
		BackupInstance (0ms)
		ReleaseScriptingObjects (0ms)
		CreateAndSetChildDomain (1ms)
	RebuildCommonClasses (42ms)
	RebuildNativeTypeToScriptingClass (13ms)
	initialDomainReloadingComplete (53ms)
	LoadAllAssembliesAndSetupDomain (177ms)
		LoadAssemblies (193ms)
		RebuildTransferFunctionScriptingTraits (0ms)
		AnalyzeDomain (174ms)
			TypeCache.Refresh (172ms)
				TypeCache.ScanAssembly (158ms)
			BuildScriptInfoCaches (0ms)
			ResolveRequiredComponents (1ms)
	FinalizeReload (348ms)
		ReleaseScriptCaches (0ms)
		RebuildScriptCaches (0ms)
		SetupLoadedEditorAssemblies (286ms)
			LogAssemblyErrors (0ms)
			InitializePlatformSupportModulesInManaged (9ms)
			SetLoadedEditorAssemblies (5ms)
			BeforeProcessingInitializeOnLoad (7ms)
			ProcessInitializeOnLoadAttributes (210ms)
			ProcessInitializeOnLoadMethodAttributes (55ms)
			AfterProcessingInitializeOnLoad (0ms)
			EditorAssembliesLoaded (0ms)
		ExecutionOrderSort2 (0ms)
		AwakeInstancesAfterBackupRestoration (0ms)
========================================================================
Worker process is ready to serve import requests
Import Worker Mode flag is 0x00
Begin MonoManager ReloadAssembly
Symbol file LoadedFromMemory doesn't match image G:\GitHub_repository\BirdFly\BirdFly\Library\PackageCache\com.unity.visualscripting@1.8.0\Editor\VisualScripting.Core\Dependencies\YamlDotNet\Unity.VisualScripting.YamlDotNet.dll
Symbol file LoadedFromMemory doesn't match image G:\GitHub_repository\BirdFly\BirdFly\Library\PackageCache\com.unity.visualscripting@1.8.0\Editor\VisualScripting.Core\Dependencies\DotNetZip\Unity.VisualScripting.IonicZip.dll
- Loaded All Assemblies, in  1.606 seconds
Refreshing native plugins compatible for Editor in 0.59 ms, found 3 plugins.
Native extension for WindowsStandalone target not found
Mono: successfully reloaded assembly
- Finished resetting the current domain, in  0.757 seconds
Domain Reload Profiling: 2362ms
	BeginReloadAssembly (894ms)
		ExecutionOrderSort (0ms)
		DisableScriptedObjects (7ms)
		BackupInstance (0ms)
		ReleaseScriptingObjects (0ms)
		CreateAndSetChildDomain (42ms)
	RebuildCommonClasses (37ms)
	RebuildNativeTypeToScriptingClass (15ms)
	initialDomainReloadingComplete (38ms)
	LoadAllAssembliesAndSetupDomain (621ms)
		LoadAssemblies (485ms)
		RebuildTransferFunctionScriptingTraits (0ms)
		AnalyzeDomain (268ms)
			TypeCache.Refresh (225ms)
				TypeCache.ScanAssembly (206ms)
			BuildScriptInfoCaches (30ms)
			ResolveRequiredComponents (10ms)
	FinalizeReload (757ms)
		ReleaseScriptCaches (0ms)
		RebuildScriptCaches (0ms)
		SetupLoadedEditorAssemblies (480ms)
			LogAssemblyErrors (0ms)
			InitializePlatformSupportModulesInManaged (2ms)
			SetLoadedEditorAssemblies (4ms)
			BeforeProcessingInitializeOnLoad (48ms)
			ProcessInitializeOnLoadAttributes (382ms)
			ProcessInitializeOnLoadMethodAttributes (42ms)
			AfterProcessingInitializeOnLoad (2ms)
			EditorAssembliesLoaded (0ms)
		ExecutionOrderSort2 (0ms)
		AwakeInstancesAfterBackupRestoration (14ms)
Launched and connected shader compiler UnityShaderCompiler.exe after 0.02 seconds
Refreshing native plugins compatible for Editor in 0.86 ms, found 3 plugins.
Preloading 0 native plugins for Editor in 0.00 ms.
Unloading 163 Unused Serialized files (Serialized files now loaded: 0)
Unloading 5330 unused Assets / (5.1 MB). Loaded Objects now: 6006.
Memory consumption went from 161.8 MB to 156.8 MB.
Total: 8.054700 ms (FindLiveObjects: 0.588800 ms CreateObjectMapping: 0.316700 ms MarkObjects: 4.574400 ms  DeleteObjects: 2.574200 ms)

========================================================================
Received Import Request.
  Time since last request: 190510.601972 seconds.
  path: Assets/Prefab
  artifactKey: Guid(859d7542e3187f440b56c3a92fa993f7) Importer(815301076,1909f56bfc062723c751e8b465ee728b)
Start importing Assets/Prefab using Guid(859d7542e3187f440b56c3a92fa993f7) Importer(815301076,1909f56bfc062723c751e8b465ee728b) (PreviewImporter) -> (artifact id: '40a3c26a849feff807612675cefadb77') in 0.0066881 seconds
Number of updated asset objects reloaded before import = 0Number of asset objects unloaded after import = 0

========================================================================
Received Import Request.
  Time since last request: 261.186607 seconds.
  path: Assets/DefaultVolumeProfile.asset
  artifactKey: Guid(6b934c09a3832d34ba8b4f5a8332f94e) Importer(2089858483,3d70f49cd1c2eb9ae422958d1c652c6b)
Start importing Assets/DefaultVolumeProfile.asset using Guid(6b934c09a3832d34ba8b4f5a8332f94e) Importer(2089858483,3d70f49cd1c2eb9ae422958d1c652c6b) (ScriptedImporter) -> (artifact id: 'ccb9a1b4b28ad2554982206b52e2e65c') in 0.1457308 seconds
Number of updated asset objects reloaded before import = 0Number of asset objects unloaded after import = 0

========================================================================
Received Import Request.
  Time since last request: 0.000656 seconds.
  path: Assets/Thirdparty/Ciathyza/Gridbox Prototype Materials/Demo/Prototype Materials Demo.unity
  artifactKey: Guid(735c40e4d7967d7458e6a4db48651d2a) Importer(2089858483,3d70f49cd1c2eb9ae422958d1c652c6b)
Start importing Assets/Thirdparty/Ciathyza/Gridbox Prototype Materials/Demo/Prototype Materials Demo.unity using Guid(735c40e4d7967d7458e6a4db48651d2a) Importer(2089858483,3d70f49cd1c2eb9ae422958d1c652c6b) (ScriptedImporter)Opening scene 'Assets/Thirdparty/Ciathyza/Gridbox Prototype Materials/Demo/Prototype Materials Demo.unity additively'
LightingSettings: switching bake backend from 1 to 2.
Loaded scene 'Assets/Thirdparty/Ciathyza/Gridbox Prototype Materials/Demo/Prototype Materials Demo.unity'
	Deserialize:            5.283 ms
	Integration:            3.898 ms
	Integration of assets:  0.516 ms
	Thread Wait Time:       0.013 ms
	Total Operation Time:   9.710 ms
 -> (artifact id: '9ce321816e478fcee606dc296fb0a7af') in 0.0434932 seconds
Number of updated asset objects reloaded before import = 0Number of asset objects unloaded after import = 11

========================================================================
Received Import Request.
  Time since last request: 0.000019 seconds.
  path: Assets/Scenes/SampleScene.unity
  artifactKey: Guid(9fc0d4010bbf28b4594072e72b8655ab) Importer(2089858483,3d70f49cd1c2eb9ae422958d1c652c6b)
Start importing Assets/Scenes/SampleScene.unity using Guid(9fc0d4010bbf28b4594072e72b8655ab) Importer(2089858483,3d70f49cd1c2eb9ae422958d1c652c6b) (ScriptedImporter)Opening scene 'Assets/Scenes/SampleScene.unity additively'
Loaded scene 'Assets/Scenes/SampleScene.unity'
	Deserialize:            3.042 ms
	Integration:            2.804 ms
	Integration of assets:  0.004 ms
	Thread Wait Time:       0.011 ms
	Total Operation Time:   5.860 ms
 -> (artifact id: '11841571494e5958a83bcdea39a20404') in 0.0761585 seconds
Number of updated asset objects reloaded before import = 0Number of asset objects unloaded after import = 4

========================================================================
Received Import Request.
  Time since last request: 0.000018 seconds.
  path: Assets/Rendering/DefaultVolumeProfile.asset
  artifactKey: Guid(943db0b5f2f3b034f8f094cb2e44d105) Importer(2089858483,3d70f49cd1c2eb9ae422958d1c652c6b)
Start importing Assets/Rendering/DefaultVolumeProfile.asset using Guid(943db0b5f2f3b034f8f094cb2e44d105) Importer(2089858483,3d70f49cd1c2eb9ae422958d1c652c6b) (ScriptedImporter) -> (artifact id: '4a115910a01fc7eba49c97fd7625cd10') in 0.0042134 seconds
Number of updated asset objects reloaded before import = 0Number of asset objects unloaded after import = 0

========================================================================
Received Import Request.
  Time since last request: 0.000056 seconds.
  path: Assets/Rendering/New Universal Render Pipeline Asset.asset
  artifactKey: Guid(3a68204748b6de240b2f326f62a22b90) Importer(2089858483,3d70f49cd1c2eb9ae422958d1c652c6b)
Start importing Assets/Rendering/New Universal Render Pipeline Asset.asset using Guid(3a68204748b6de240b2f326f62a22b90) Importer(2089858483,3d70f49cd1c2eb9ae422958d1c652c6b) (ScriptedImporter) -> (artifact id: '138da04f616c993a57a7bfbca025b0c2') in 0.0064166 seconds
Number of updated asset objects reloaded before import = 0Number of asset objects unloaded after import = 0

========================================================================
Received Import Request.
  Time since last request: 0.000087 seconds.
  path: Assets/Rendering/UniversalRenderPipelineGlobalSettings.asset
  artifactKey: Guid(dc4583a4b1a25e947a0edfa5bc9eb982) Importer(2089858483,3d70f49cd1c2eb9ae422958d1c652c6b)
Start importing Assets/Rendering/UniversalRenderPipelineGlobalSettings.asset using Guid(dc4583a4b1a25e947a0edfa5bc9eb982) Importer(2089858483,3d70f49cd1c2eb9ae422958d1c652c6b) (ScriptedImporter) -> (artifact id: '31c944174d40d068a89d55d970546f24') in 0.0089293 seconds
Number of updated asset objects reloaded before import = 0Number of asset objects unloaded after import = 0

========================================================================
Received Import Request.
  Time since last request: 0.000048 seconds.
  path: Assets/Rendering/New Universal Render Pipeline Asset_Renderer.asset
  artifactKey: Guid(8978ffa0a7fff18418d62549c2d1f2aa) Importer(2089858483,3d70f49cd1c2eb9ae422958d1c652c6b)
Start importing Assets/Rendering/New Universal Render Pipeline Asset_Renderer.asset using Guid(8978ffa0a7fff18418d62549c2d1f2aa) Importer(2089858483,3d70f49cd1c2eb9ae422958d1c652c6b) (ScriptedImporter) -> (artifact id: 'dd1b94e42c3e21a4ff5775b50a86d30b') in 0.0051667 seconds
Number of updated asset objects reloaded before import = 0Number of asset objects unloaded after import = 0

========================================================================
Received Import Request.
  Time since last request: 0.193502 seconds.
  path: Assets/Rendering/New Universal Render Pipeline Asset_Renderer.asset
  artifactKey: Guid(8978ffa0a7fff18418d62549c2d1f2aa) Importer(2089858483,192608db42251d675da83286b1cce702)
Start importing Assets/Rendering/New Universal Render Pipeline Asset_Renderer.asset using Guid(8978ffa0a7fff18418d62549c2d1f2aa) Importer(2089858483,192608db42251d675da83286b1cce702) (ScriptedImporter) -> (artifact id: '3ca4f5edf583b763c2a49c91872576ae') in 0.0568445 seconds
Number of updated asset objects reloaded before import = 0Number of asset objects unloaded after import = 2

========================================================================
Received Import Request.
  Time since last request: 0.000020 seconds.
  path: Assets/Scenes/SampleScene.unity
  artifactKey: Guid(9fc0d4010bbf28b4594072e72b8655ab) Importer(2089858483,192608db42251d675da83286b1cce702)
Start importing Assets/Scenes/SampleScene.unity using Guid(9fc0d4010bbf28b4594072e72b8655ab) Importer(2089858483,192608db42251d675da83286b1cce702) (ScriptedImporter) -> (artifact id: '06332549dc47b159e39e1970d9031a04') in 0.0062507 seconds
Number of updated asset objects reloaded before import = 0Number of asset objects unloaded after import = 1

========================================================================
Received Import Request.
  Time since last request: 0.000050 seconds.
  path: Assets/Thirdparty/Ciathyza/Gridbox Prototype Materials/Materials/URP/Prototype_512x512_Grey3.mat
  artifactKey: Guid(981abf7a53e6a964fba6bc48555ec31a) Importer(2089858483,192608db42251d675da83286b1cce702)
Start importing Assets/Thirdparty/Ciathyza/Gridbox Prototype Materials/Materials/URP/Prototype_512x512_Grey3.mat using Guid(981abf7a53e6a964fba6bc48555ec31a) Importer(2089858483,192608db42251d675da83286b1cce702) (ScriptedImporter) -> (artifact id: '7077a04f6f77617394fc3ecb55bf7e12') in 0.0281458 seconds
Number of updated asset objects reloaded before import = 0Number of asset objects unloaded after import = 4

========================================================================
Received Import Request.
  Time since last request: 0.000021 seconds.
  path: Assets/Thirdparty/Ciathyza/Gridbox Prototype Materials/Materials/URP/Prototype_512x512_Blue2.mat
  artifactKey: Guid(e18ded4b611aa8f4a9f0f261d2f29537) Importer(2089858483,192608db42251d675da83286b1cce702)
Start importing Assets/Thirdparty/Ciathyza/Gridbox Prototype Materials/Materials/URP/Prototype_512x512_Blue2.mat using Guid(e18ded4b611aa8f4a9f0f261d2f29537) Importer(2089858483,192608db42251d675da83286b1cce702) (ScriptedImporter) -> (artifact id: '5eac220609ab7575f6c9ff46ac877fb8') in 0.010551 seconds
Number of updated asset objects reloaded before import = 0Number of asset objects unloaded after import = 4

========================================================================
Received Import Request.
  Time since last request: 0.000024 seconds.
  path: Assets/Scripts/Camera
  artifactKey: Guid(c250ed18cb37a6d41a550d4a2b54ac75) Importer(2089858483,192608db42251d675da83286b1cce702)
Start importing Assets/Scripts/Camera using Guid(c250ed18cb37a6d41a550d4a2b54ac75) Importer(2089858483,192608db42251d675da83286b1cce702) (ScriptedImporter) -> (artifact id: '8325d3786dd70f1ca54d4e33f8ad8855') in 0.0041248 seconds
Number of updated asset objects reloaded before import = 0Number of asset objects unloaded after import = 1

========================================================================
Received Import Request.
  Time since last request: 0.000058 seconds.
  path: Assets/Scripts/Bird
  artifactKey: Guid(d390643b48593e14ab0d685c83702a8e) Importer(2089858483,192608db42251d675da83286b1cce702)
Start importing Assets/Scripts/Bird using Guid(d390643b48593e14ab0d685c83702a8e) Importer(2089858483,192608db42251d675da83286b1cce702) (ScriptedImporter) -> (artifact id: '81a93c1a90f5d6a4a7eb687c2badaf2f') in 0.0040749 seconds
Number of updated asset objects reloaded before import = 0Number of asset objects unloaded after import = 1

========================================================================
Received Import Request.
  Time since last request: 0.000062 seconds.
  path: Assets/Scripts/Bird/BirdController.cs
  artifactKey: Guid(a68064fa91f5a97488c0f604b960f18a) Importer(2089858483,192608db42251d675da83286b1cce702)
Start importing Assets/Scripts/Bird/BirdController.cs using Guid(a68064fa91f5a97488c0f604b960f18a) Importer(2089858483,192608db42251d675da83286b1cce702) (ScriptedImporter) -> (artifact id: 'e6a49a729fd299defdba884daa385c89') in 0.0077166 seconds
Number of updated asset objects reloaded before import = 0Number of asset objects unloaded after import = 0

========================================================================
Received Import Request.
  Time since last request: 0.000086 seconds.
  path: Assets/Scripts
  artifactKey: Guid(9a971d902fe0edb418e764d6ca035048) Importer(2089858483,192608db42251d675da83286b1cce702)
Start importing Assets/Scripts using Guid(9a971d902fe0edb418e764d6ca035048) Importer(2089858483,192608db42251d675da83286b1cce702) (ScriptedImporter) -> (artifact id: '480f79ad1a846e79c337abf6c7fb7f02') in 0.0046352 seconds
Number of updated asset objects reloaded before import = 0Number of asset objects unloaded after import = 1

========================================================================
Received Import Request.
  Time since last request: 0.000081 seconds.
  path: Assets/Rendering/New Universal Render Pipeline Asset.asset
  artifactKey: Guid(3a68204748b6de240b2f326f62a22b90) Importer(2089858483,192608db42251d675da83286b1cce702)
Start importing Assets/Rendering/New Universal Render Pipeline Asset.asset using Guid(3a68204748b6de240b2f326f62a22b90) Importer(2089858483,192608db42251d675da83286b1cce702) (ScriptedImporter) -> (artifact id: 'bf6778f7968e60d34b70b1ce3d314c20') in 0.041215 seconds
Number of updated asset objects reloaded before import = 0Number of asset objects unloaded after import = 1

========================================================================
Received Import Request.
  Time since last request: 0.000087 seconds.
  path: Assets/Scripts/Camera/CameraFollow.cs
  artifactKey: Guid(48c0a11cd3d4f2e44a4f970078babf73) Importer(2089858483,192608db42251d675da83286b1cce702)
Start importing Assets/Scripts/Camera/CameraFollow.cs using Guid(48c0a11cd3d4f2e44a4f970078babf73) Importer(2089858483,192608db42251d675da83286b1cce702) (ScriptedImporter) -> (artifact id: 'fdbc592593c847882dbb2416524c398b') in 0.0607605 seconds
Number of updated asset objects reloaded before import = 0Number of asset objects unloaded after import = 0

========================================================================
Received Import Request.
  Time since last request: 0.000117 seconds.
  path: Assets/Prefab
  artifactKey: Guid(859d7542e3187f440b56c3a92fa993f7) Importer(2089858483,192608db42251d675da83286b1cce702)
Start importing Assets/Prefab using Guid(859d7542e3187f440b56c3a92fa993f7) Importer(2089858483,192608db42251d675da83286b1cce702) (ScriptedImporter) -> (artifact id: '6ff7dc16fe3fd7e443445aa397bd9dcb') in 0.0200449 seconds
Number of updated asset objects reloaded before import = 0Number of asset objects unloaded after import = 1

========================================================================
Received Prepare
Refreshing native plugins compatible for Editor in 0.95 ms, found 3 plugins.
Preloading 0 native plugins for Editor in 0.00 ms.
Unloading 24 Unused Serialized files (Serialized files now loaded: 0)
Unloading 68 unused Assets / (2.7 MB). Loaded Objects now: 6014.
Memory consumption went from 133.5 MB to 130.8 MB.
Total: 11.881400 ms (FindLiveObjects: 0.503800 ms CreateObjectMapping: 0.482900 ms MarkObjects: 7.302000 ms  DeleteObjects: 3.591300 ms)

Prepare: number of updated asset objects reloaded= 0
Editor requested this worker to shutdown with reason: balancing worker count downwards
AssetImportWorker is now disconnected from the server
Process exiting
Exiting without the bug reporter. Application will terminate with return code 0